<?xml version="1.0" encoding="UTF-8"?>
<!-- Generated by org.testng.reporters.JUnitXMLReporter -->
<testsuite hostname="DESKTOP-L8VCTKP" ignored="1" name="Test1" tests="2" failures="1" timestamp="27 Sep 2019 08:03:39 GMT" time="4.118" errors="0">
  <testcase name="testbody" time="3.131" classname="request.GetData">
    <failure type="junit.framework.AssertionFailedError" message="null">
      <![CDATA[junit.framework.AssertionFailedError: null
at junit.framework.Assert.fail(Assert.java:47)
at junit.framework.Assert.assertTrue(Assert.java:20)
at junit.framework.Assert.assertTrue(Assert.java:27)
at request.GetData.testbody(GetData.java:44)
... Removed 25 stack frames]]>
    </failure>
  </testcase> <!-- testbody -->
  <testcase name="createPlaceAPI" time="0.938" classname="request.PostRequest"/>
  <testcase name="testResponsecode" time="0.0" classname="request.GetData">
    <ignored/>
  </testcase> <!-- testResponsecode -->
</testsuite> <!-- Test1 -->
